<?xml version="1.0" encoding="UTF-8"?>
<!-- Generated by org.testng.reporters.JUnitReportReporter -->
<testsuite hostname="DESKTOP-AJ4AGAI" name="com.crm.PRACTICE.CreateOrgwithmultipleDataTest" tests="8" failures="0" timestamp="1 Mar 2022 05:08:38 GMT" time="296.419" errors="1">
  <testcase name="createOrgwithmultipleData" time="35.588" classname="com.crm.PRACTICE.CreateOrgwithmultipleDataTest"/>
  <testcase name="createOrgwithmultipleData" time="50.363" classname="com.crm.PRACTICE.CreateOrgwithmultipleDataTest">
    <error type="org.openqa.selenium.NoSuchElementException" message="Cannot locate option with value: Banking 
For documentation on this error, please visit: https://www.seleniumhq.org/exceptions/no_such_element.html
Build info: version: &#039;3.141.59&#039;, revision: &#039;e82be7d358&#039;, time: &#039;2018-11-14T08:17:03&#039;
System info: host: &#039;DESKTOP-AJ4AGAI&#039;, ip: &#039;192.168.43.90&#039;, os.name: &#039;Windows 10&#039;, os.arch: &#039;amd64&#039;, os.version: &#039;10.0&#039;, java.version: &#039;1.8.0_291&#039;
Driver info: driver.version: unknown">
      <![CDATA[org.openqa.selenium.NoSuchElementException: Cannot locate option with value: Banking 
For documentation on this error, please visit: https://www.seleniumhq.org/exceptions/no_such_element.html
Build info: version: '3.141.59', revision: 'e82be7d358', time: '2018-11-14T08:17:03'
System info: host: 'DESKTOP-AJ4AGAI', ip: '192.168.43.90', os.name: 'Windows 10', os.arch: 'amd64', os.version: '10.0', java.version: '1.8.0_291'
Driver info: driver.version: unknown
	at org.openqa.selenium.support.ui.Select.findOptionsByValue(Select.java:283)
	at org.openqa.selenium.support.ui.Select.selectByValue(Select.java:186)
	at com.crm.GenericLibrary.WebDriverUtility.select(WebDriverUtility.java:93)
	at com.crm.ObjectRepository.CreateOrganizationPage.createNewOrg(CreateOrganizationPage.java:58)
	at com.crm.PRACTICE.CreateOrgwithmultipleDataTest.createOrgwithmultipleData(CreateOrgwithmultipleDataTest.java:79)
	at sun.reflect.NativeMethodAccessorImpl.invoke0(Native Method)
	at sun.reflect.NativeMethodAccessorImpl.invoke(NativeMethodAccessorImpl.java:62)
	at sun.reflect.DelegatingMethodAccessorImpl.invoke(DelegatingMethodAccessorImpl.java:43)
	at java.lang.reflect.Method.invoke(Method.java:498)
	at org.testng.internal.MethodInvocationHelper.invokeMethod(MethodInvocationHelper.java:100)
	at org.testng.internal.Invoker.invokeMethod(Invoker.java:646)
	at org.testng.internal.Invoker.invokeTestMethod(Invoker.java:811)
	at org.testng.internal.Invoker.invokeTestMethods(Invoker.java:1129)
	at org.testng.internal.TestMethodWorker.invokeTestMethods(TestMethodWorker.java:129)
	at org.testng.internal.TestMethodWorker.run(TestMethodWorker.java:112)
	at org.testng.TestRunner.privateRun(TestRunner.java:746)
	at org.testng.TestRunner.run(TestRunner.java:600)
	at org.testng.SuiteRunner.runTest(SuiteRunner.java:366)
	at org.testng.SuiteRunner.runSequentially(SuiteRunner.java:361)
	at org.testng.SuiteRunner.privateRun(SuiteRunner.java:319)
	at org.testng.SuiteRunner.run(SuiteRunner.java:268)
	at org.testng.SuiteRunnerWorker.runSuite(SuiteRunnerWorker.java:52)
	at org.testng.SuiteRunnerWorker.run(SuiteRunnerWorker.java:86)
	at org.testng.TestNG.runSuitesSequentially(TestNG.java:1264)
	at org.testng.TestNG.runSuitesLocally(TestNG.java:1189)
	at org.testng.TestNG.runSuites(TestNG.java:1104)
	at org.testng.TestNG.run(TestNG.java:1076)
	at org.testng.remote.AbstractRemoteTestNG.run(AbstractRemoteTestNG.java:126)
	at org.testng.remote.RemoteTestNG.initAndRun(RemoteTestNG.java:152)
	at org.testng.remote.RemoteTestNG.main(RemoteTestNG.java:57)
]]>
    </error>
  </testcase> <!-- createOrgwithmultipleData -->
  <testcase name="createOrgwithmultipleData" time="34.627" classname="com.crm.PRACTICE.CreateOrgwithmultipleDataTest"/>
  <testcase name="createOrgwithmultipleData" time="32.522" classname="com.crm.PRACTICE.CreateOrgwithmultipleDataTest"/>
  <testcase name="createOrgwithmultipleData" time="34.003" classname="com.crm.PRACTICE.CreateOrgwithmultipleDataTest"/>
  <testcase name="createOrgwithmultipleData" time="32.993" classname="com.crm.PRACTICE.CreateOrgwithmultipleDataTest"/>
  <testcase name="createOrgwithmultipleData" time="33.082" classname="com.crm.PRACTICE.CreateOrgwithmultipleDataTest"/>
  <testcase name="createOrgwithmultipleData" time="43.241" classname="com.crm.PRACTICE.CreateOrgwithmultipleDataTest"/>
</testsuite> <!-- com.crm.PRACTICE.CreateOrgwithmultipleDataTest -->
